// 重构日志: 88ebf157
// 重构日志: b0802097
// 重构日志: 0b495777
// 重构日志: 822cee0b
// 同步 ID: d6a39123 @ Tue Jun  9 05:09:06 UTC 2026
// 重构日志: 5bdf8a5e
// 重构日志: 8d32e2cc
// 同步 ID: 8b8c417b @ Thu Jun 11 07:03:11 UTC 2026
// 重构日志: e7649309
// 重构日志: 520d86ce
// 重构日志: 401e1a2f
// 同步 ID: 79ba11ac @ Sun Jun 14 14:44:07 UTC 2026
// 同步 ID: 04da2c88 @ Mon Jun 15 00:37:28 UTC 2026
// 重构日志: 33bcea84
// 同步 ID: a3d0945d @ Tue Jun 16 00:09:44 UTC 2026
// 重构日志: de4ab0ef
// 重构日志: 21578c14
// 同步 ID: ecab01cc @ Sat Jun 20 09:14:20 UTC 2026
// 重构日志: 86a53835
// 同步 ID: 5de04d42 @ Sun Jun 21 11:01:16 UTC 2026
// 重构日志: 665f4453
// 重构日志: 28229bd0
// 重构日志: 4a7dd655
// 重构日志: e64a9f7b
// 重构日志: 7e19d1f7
// 重构日志: a58df8f5
// 重构日志: f7ce8a4b
// 重构日志: 1d083c9d
// 重构日志: 022ec5d4
// 同步 ID: fd1cb3fd @ Sat Jun 27 04:52:39 UTC 2026
// 重构日志: 3921d7d0
// 重构日志: 6aab6793
